<?xml version="1.0" encoding="UTF-8"?>
<!-- Generated by org.testng.reporters.JUnitXMLReporter -->
<testsuite hostname="Govardhan-PC" name="Default test" tests="5" failures="0" timestamp="6 Aug 2020 17:47:35 GMT" time="0.087" errors="0">
  <testcase name="google" time="0.024" classname="Pack16TestNG.ExecutionOnPriorityBased"/>
  <testcase name="mycar" time="0.002" classname="Pack16TestNG.ExecutionOnPriorityBased"/>
  <testcase name="rolesRoys" time="0.001" classname="Pack16TestNG.ExecutionOnPriorityBased"/>
  <testcase name="audi" time="0.002" classname="Pack16TestNG.ExecutionOnPriorityBased"/>
  <testcase name="maruthi" time="0.006" classname="Pack16TestNG.ExecutionOnPriorityBased"/>
</testsuite> <!-- Default test -->
